INFO - 2024-11-29 21:06:04 --> Controller "CodeIgniter\CLI\CommandRunner" loaded.
INFO - 2024-11-29 21:06:18 --> Controller "CodeIgniter\CLI\CommandRunner" loaded.
INFO - 2024-11-29 21:06:26 --> Controller "CodeIgniter\CLI\CommandRunner" loaded.
INFO - 2024-11-29 21:06:32 --> Session: Class initialized using 'CodeIgniter\Session\Handlers\FileHandler' driver.
INFO - 2024-11-29 21:06:33 --> Controller "App\Controllers\base\DashboardController" loaded.
INFO - 2024-11-29 21:06:34 --> Session: Class initialized using 'CodeIgniter\Session\Handlers\FileHandler' driver.
INFO - 2024-11-29 21:06:34 --> Controller "App\Controllers\base\DashboardController" loaded.
INFO - 2024-11-29 21:06:34 --> Session: Class initialized using 'CodeIgniter\Session\Handlers\FileHandler' driver.
INFO - 2024-11-29 21:06:34 --> Controller "App\Controllers\base\DashboardController" loaded.
INFO - 2024-11-29 21:06:34 --> Session: Class initialized using 'CodeIgniter\Session\Handlers\FileHandler' driver.
INFO - 2024-11-29 21:06:34 --> Controller "App\Controllers\base\DashboardController" loaded.
INFO - 2024-11-29 21:06:39 --> Session: Class initialized using 'CodeIgniter\Session\Handlers\FileHandler' driver.
INFO - 2024-11-29 21:06:39 --> Controller "App\Controllers\base\DashboardController" loaded.
INFO - 2024-11-29 21:06:40 --> Session: Class initialized using 'CodeIgniter\Session\Handlers\FileHandler' driver.
INFO - 2024-11-29 21:06:40 --> Controller "App\Controllers\base\DashboardController" loaded.
INFO - 2024-11-29 21:06:42 --> Session: Class initialized using 'CodeIgniter\Session\Handlers\FileHandler' driver.
INFO - 2024-11-29 21:06:42 --> Controller "App\Controllers\base\DashboardController" loaded.
INFO - 2024-11-29 21:06:47 --> Session: Class initialized using 'CodeIgniter\Session\Handlers\FileHandler' driver.
INFO - 2024-11-29 21:06:47 --> Controller "App\Controllers\base\DashboardController" loaded.
CRITICAL - 2024-11-29 21:07:16 --> fwrite() expects parameter 1 to be resource, bool given
#0 [internal function]: CodeIgniter\Debug\Exceptions->errorHandler(2, 'fwrite() expect...', 'D:\\webserver\\mi...', 374, Array)
#1 D:\webserver\mikpos-main\app\Libraries\RouterosAPI.php(374): fwrite(false, '\x13/system/clock/...')
#2 D:\webserver\mikpos-main\app\Libraries\RouterosAPI.php(403): App\Libraries\RouterosAPI->write('/system/clock/p...', true)
#3 D:\webserver\mikpos-main\app\Controllers\base\DashboardController.php(89): App\Libraries\RouterosAPI->comm('/system/clock/p...', Array)
#4 D:\webserver\mikpos-main\system\CodeIgniter.php(910): App\Controllers\base\DashboardController->do_add_router()
#5 D:\webserver\mikpos-main\system\CodeIgniter.php(398): CodeIgniter\CodeIgniter->runController(Object(App\Controllers\base\DashboardController))
#6 D:\webserver\mikpos-main\system\CodeIgniter.php(306): CodeIgniter\CodeIgniter->handleRequest(NULL, Object(Config\Cache), false)
#7 D:\webserver\mikpos-main\public\index.php(45): CodeIgniter\CodeIgniter->run()
#8 D:\webserver\mikpos-main\system\Commands\Server\rewrite.php(34): require_once('D:\\webserver\\mi...')
#9 {main}
INFO - 2024-11-29 21:07:17 --> Session: Class initialized using 'CodeIgniter\Session\Handlers\FileHandler' driver.
INFO - 2024-11-29 21:07:17 --> Controller "App\Controllers\base\DashboardController" loaded.
INFO - 2024-11-29 21:07:17 --> Session: Class initialized using 'CodeIgniter\Session\Handlers\FileHandler' driver.
INFO - 2024-11-29 21:07:17 --> Controller "App\Controllers\base\DashboardController" loaded.
INFO - 2024-11-29 21:08:47 --> Session: Class initialized using 'CodeIgniter\Session\Handlers\FileHandler' driver.
INFO - 2024-11-29 21:08:48 --> Session: Class initialized using 'CodeIgniter\Session\Handlers\FileHandler' driver.
INFO - 2024-11-29 21:08:48 --> Controller "App\Controllers\base\DashboardController" loaded.
INFO - 2024-11-29 21:08:49 --> Session: Class initialized using 'CodeIgniter\Session\Handlers\FileHandler' driver.
INFO - 2024-11-29 21:08:49 --> Controller "App\Controllers\base\DashboardController" loaded.
INFO - 2024-11-29 21:11:08 --> Session: Class initialized using 'CodeIgniter\Session\Handlers\FileHandler' driver.
INFO - 2024-11-29 21:11:09 --> Controller "App\Controllers\base\DashboardController" loaded.
INFO - 2024-11-29 21:11:09 --> Session: Class initialized using 'CodeIgniter\Session\Handlers\FileHandler' driver.
INFO - 2024-11-29 21:11:09 --> Controller "App\Controllers\base\DashboardController" loaded.
INFO - 2024-11-29 21:11:14 --> Session: Class initialized using 'CodeIgniter\Session\Handlers\FileHandler' driver.
INFO - 2024-11-29 21:11:14 --> Controller "App\Controllers\base\DashboardController" loaded.
INFO - 2024-11-29 21:11:14 --> Session: Class initialized using 'CodeIgniter\Session\Handlers\FileHandler' driver.
INFO - 2024-11-29 21:11:14 --> Controller "App\Controllers\base\DashboardController" loaded.
INFO - 2024-11-29 21:11:17 --> Session: Class initialized using 'CodeIgniter\Session\Handlers\FileHandler' driver.
INFO - 2024-11-29 21:11:17 --> Controller "App\Controllers\base\DashboardController" loaded.
INFO - 2024-11-29 21:11:41 --> Session: Class initialized using 'CodeIgniter\Session\Handlers\FileHandler' driver.
INFO - 2024-11-29 21:11:41 --> Controller "App\Controllers\base\DashboardController" loaded.
INFO - 2024-11-29 21:11:47 --> Session: Class initialized using 'CodeIgniter\Session\Handlers\FileHandler' driver.
INFO - 2024-11-29 21:11:47 --> Controller "App\Controllers\base\DashboardController" loaded.
CRITICAL - 2024-11-29 21:12:17 --> Socket tidak valid atau belum terhubung.
#0 D:\webserver\mikpos-main\app\Libraries\RouterosAPI.php(448): App\Libraries\RouterosAPI->write('/system/clock/p...', true)
#1 D:\webserver\mikpos-main\app\Controllers\base\DashboardController.php(89): App\Libraries\RouterosAPI->comm('/system/clock/p...', Array)
#2 D:\webserver\mikpos-main\system\CodeIgniter.php(910): App\Controllers\base\DashboardController->do_add_router()
#3 D:\webserver\mikpos-main\system\CodeIgniter.php(398): CodeIgniter\CodeIgniter->runController(Object(App\Controllers\base\DashboardController))
#4 D:\webserver\mikpos-main\system\CodeIgniter.php(306): CodeIgniter\CodeIgniter->handleRequest(NULL, Object(Config\Cache), false)
#5 D:\webserver\mikpos-main\public\index.php(45): CodeIgniter\CodeIgniter->run()
#6 D:\webserver\mikpos-main\system\Commands\Server\rewrite.php(34): require_once('D:\\webserver\\mi...')
#7 {main}
INFO - 2024-11-29 21:12:17 --> Session: Class initialized using 'CodeIgniter\Session\Handlers\FileHandler' driver.
INFO - 2024-11-29 21:12:17 --> Controller "App\Controllers\base\DashboardController" loaded.
INFO - 2024-11-29 21:12:18 --> Session: Class initialized using 'CodeIgniter\Session\Handlers\FileHandler' driver.
INFO - 2024-11-29 21:12:18 --> Controller "App\Controllers\base\DashboardController" loaded.
INFO - 2024-11-29 21:13:13 --> Session: Class initialized using 'CodeIgniter\Session\Handlers\FileHandler' driver.
INFO - 2024-11-29 21:13:13 --> Controller "App\Controllers\base\DashboardController" loaded.
INFO - 2024-11-29 21:14:04 --> Session: Class initialized using 'CodeIgniter\Session\Handlers\FileHandler' driver.
INFO - 2024-11-29 21:14:05 --> Controller "App\Controllers\base\DashboardController" loaded.
INFO - 2024-11-29 21:14:05 --> Session: Class initialized using 'CodeIgniter\Session\Handlers\FileHandler' driver.
INFO - 2024-11-29 21:14:05 --> Controller "App\Controllers\base\DashboardController" loaded.
INFO - 2024-11-29 21:14:11 --> Session: Class initialized using 'CodeIgniter\Session\Handlers\FileHandler' driver.
INFO - 2024-11-29 21:14:11 --> Controller "App\Controllers\base\DashboardController" loaded.
INFO - 2024-11-29 21:14:11 --> Session: Class initialized using 'CodeIgniter\Session\Handlers\FileHandler' driver.
INFO - 2024-11-29 21:14:11 --> Controller "App\Controllers\base\DashboardController" loaded.
INFO - 2024-11-29 21:14:18 --> Session: Class initialized using 'CodeIgniter\Session\Handlers\FileHandler' driver.
INFO - 2024-11-29 21:14:18 --> Controller "App\Controllers\base\DashboardController" loaded.
INFO - 2024-11-29 21:14:19 --> Session: Class initialized using 'CodeIgniter\Session\Handlers\FileHandler' driver.
INFO - 2024-11-29 21:14:19 --> Controller "App\Controllers\base\DashboardController" loaded.
INFO - 2024-11-29 21:18:23 --> Session: Class initialized using 'CodeIgniter\Session\Handlers\FileHandler' driver.
INFO - 2024-11-29 21:18:23 --> Controller "App\Controllers\base\DashboardController" loaded.
INFO - 2024-11-29 21:18:30 --> Session: Class initialized using 'CodeIgniter\Session\Handlers\FileHandler' driver.
INFO - 2024-11-29 21:18:30 --> Controller "App\Controllers\base\DashboardController" loaded.
CRITICAL - 2024-11-29 21:18:46 --> fread(): supplied resource is not a valid stream resource
#0 [internal function]: CodeIgniter\Debug\Exceptions->errorHandler(2, 'fread(): suppli...', 'D:\\webserver\\mi...', 288, Array)
#1 D:\webserver\mikpos-main\app\Libraries\RouterosAPI.php(288): fread(Resource id #130, 1)
#2 D:\webserver\mikpos-main\app\Libraries\RouterosAPI.php(469): App\Libraries\RouterosAPI->read()
#3 D:\webserver\mikpos-main\app\Controllers\base\DashboardController.php(216): App\Libraries\RouterosAPI->comm('/system/clock/p...', Array)
#4 D:\webserver\mikpos-main\system\CodeIgniter.php(910): App\Controllers\base\DashboardController->do_edit_router()
#5 D:\webserver\mikpos-main\system\CodeIgniter.php(398): CodeIgniter\CodeIgniter->runController(Object(App\Controllers\base\DashboardController))
#6 D:\webserver\mikpos-main\system\CodeIgniter.php(306): CodeIgniter\CodeIgniter->handleRequest(NULL, Object(Config\Cache), false)
#7 D:\webserver\mikpos-main\public\index.php(45): CodeIgniter\CodeIgniter->run()
#8 D:\webserver\mikpos-main\system\Commands\Server\rewrite.php(34): require_once('D:\\webserver\\mi...')
#9 {main}
INFO - 2024-11-29 21:18:46 --> Session: Class initialized using 'CodeIgniter\Session\Handlers\FileHandler' driver.
INFO - 2024-11-29 21:18:47 --> Controller "App\Controllers\base\DashboardController" loaded.
INFO - 2024-11-29 21:18:47 --> Session: Class initialized using 'CodeIgniter\Session\Handlers\FileHandler' driver.
INFO - 2024-11-29 21:18:47 --> Controller "App\Controllers\base\DashboardController" loaded.
INFO - 2024-11-29 21:19:10 --> Session: Class initialized using 'CodeIgniter\Session\Handlers\FileHandler' driver.
INFO - 2024-11-29 21:19:10 --> Controller "App\Controllers\base\DashboardController" loaded.
INFO - 2024-11-29 21:19:15 --> Session: Class initialized using 'CodeIgniter\Session\Handlers\FileHandler' driver.
INFO - 2024-11-29 21:19:15 --> Controller "App\Controllers\base\DashboardController" loaded.
INFO - 2024-11-29 21:19:20 --> Session: Class initialized using 'CodeIgniter\Session\Handlers\FileHandler' driver.
INFO - 2024-11-29 21:19:20 --> Controller "App\Controllers\base\DashboardController" loaded.
CRITICAL - 2024-11-29 21:19:48 --> fread() expects parameter 1 to be resource, bool given
#0 [internal function]: CodeIgniter\Debug\Exceptions->errorHandler(2, 'fread() expects...', 'D:\\webserver\\mi...', 288, Array)
#1 D:\webserver\mikpos-main\app\Libraries\RouterosAPI.php(288): fread(false, 1)
#2 D:\webserver\mikpos-main\app\Libraries\RouterosAPI.php(469): App\Libraries\RouterosAPI->read()
#3 D:\webserver\mikpos-main\app\Controllers\base\DashboardController.php(89): App\Libraries\RouterosAPI->comm('/system/clock/p...', Array)
#4 D:\webserver\mikpos-main\system\CodeIgniter.php(910): App\Controllers\base\DashboardController->do_add_router()
#5 D:\webserver\mikpos-main\system\CodeIgniter.php(398): CodeIgniter\CodeIgniter->runController(Object(App\Controllers\base\DashboardController))
#6 D:\webserver\mikpos-main\system\CodeIgniter.php(306): CodeIgniter\CodeIgniter->handleRequest(NULL, Object(Config\Cache), false)
#7 D:\webserver\mikpos-main\public\index.php(45): CodeIgniter\CodeIgniter->run()
#8 D:\webserver\mikpos-main\system\Commands\Server\rewrite.php(34): require_once('D:\\webserver\\mi...')
#9 {main}
INFO - 2024-11-29 21:19:49 --> Session: Class initialized using 'CodeIgniter\Session\Handlers\FileHandler' driver.
INFO - 2024-11-29 21:19:49 --> Controller "App\Controllers\base\DashboardController" loaded.
INFO - 2024-11-29 21:19:49 --> Session: Class initialized using 'CodeIgniter\Session\Handlers\FileHandler' driver.
INFO - 2024-11-29 21:19:49 --> Controller "App\Controllers\base\DashboardController" loaded.
INFO - 2024-11-29 21:21:22 --> Session: Class initialized using 'CodeIgniter\Session\Handlers\FileHandler' driver.
INFO - 2024-11-29 21:21:22 --> Controller "App\Controllers\base\DashboardController" loaded.
CRITICAL - 2024-11-29 21:21:50 --> fread() expects parameter 1 to be resource, bool given
#0 [internal function]: CodeIgniter\Debug\Exceptions->errorHandler(2, 'fread() expects...', 'D:\\webserver\\mi...', 288, Array)
#1 D:\webserver\mikpos-main\app\Libraries\RouterosAPI.php(288): fread(false, 1)
#2 D:\webserver\mikpos-main\app\Libraries\RouterosAPI.php(469): App\Libraries\RouterosAPI->read()
#3 D:\webserver\mikpos-main\app\Controllers\base\DashboardController.php(89): App\Libraries\RouterosAPI->comm('/system/clock/p...', Array)
#4 D:\webserver\mikpos-main\system\CodeIgniter.php(910): App\Controllers\base\DashboardController->do_add_router()
#5 D:\webserver\mikpos-main\system\CodeIgniter.php(398): CodeIgniter\CodeIgniter->runController(Object(App\Controllers\base\DashboardController))
#6 D:\webserver\mikpos-main\system\CodeIgniter.php(306): CodeIgniter\CodeIgniter->handleRequest(NULL, Object(Config\Cache), false)
#7 D:\webserver\mikpos-main\public\index.php(45): CodeIgniter\CodeIgniter->run()
#8 D:\webserver\mikpos-main\system\Commands\Server\rewrite.php(34): require_once('D:\\webserver\\mi...')
#9 {main}
INFO - 2024-11-29 21:21:51 --> Session: Class initialized using 'CodeIgniter\Session\Handlers\FileHandler' driver.
INFO - 2024-11-29 21:21:51 --> Controller "App\Controllers\base\DashboardController" loaded.
INFO - 2024-11-29 21:21:52 --> Session: Class initialized using 'CodeIgniter\Session\Handlers\FileHandler' driver.
INFO - 2024-11-29 21:21:52 --> Controller "App\Controllers\base\DashboardController" loaded.
INFO - 2024-11-29 21:22:41 --> Session: Class initialized using 'CodeIgniter\Session\Handlers\FileHandler' driver.
INFO - 2024-11-29 21:22:41 --> Controller "App\Controllers\base\DashboardController" loaded.
INFO - 2024-11-29 21:22:43 --> Session: Class initialized using 'CodeIgniter\Session\Handlers\FileHandler' driver.
INFO - 2024-11-29 21:22:43 --> Controller "App\Controllers\base\DashboardController" loaded.
INFO - 2024-11-29 21:22:48 --> Session: Class initialized using 'CodeIgniter\Session\Handlers\FileHandler' driver.
INFO - 2024-11-29 21:22:48 --> Controller "App\Controllers\base\DashboardController" loaded.
CRITICAL - 2024-11-29 21:23:17 --> fread() expects parameter 1 to be resource, bool given
#0 [internal function]: CodeIgniter\Debug\Exceptions->errorHandler(2, 'fread() expects...', 'D:\\webserver\\mi...', 288, Array)
#1 D:\webserver\mikpos-main\app\Libraries\RouterosAPI.php(288): fread(false, 1)
#2 D:\webserver\mikpos-main\app\Libraries\RouterosAPI.php(468): App\Libraries\RouterosAPI->read()
#3 D:\webserver\mikpos-main\app\Controllers\base\DashboardController.php(89): App\Libraries\RouterosAPI->comm('/system/clock/p...', Array)
#4 D:\webserver\mikpos-main\system\CodeIgniter.php(910): App\Controllers\base\DashboardController->do_add_router()
#5 D:\webserver\mikpos-main\system\CodeIgniter.php(398): CodeIgniter\CodeIgniter->runController(Object(App\Controllers\base\DashboardController))
#6 D:\webserver\mikpos-main\system\CodeIgniter.php(306): CodeIgniter\CodeIgniter->handleRequest(NULL, Object(Config\Cache), false)
#7 D:\webserver\mikpos-main\public\index.php(45): CodeIgniter\CodeIgniter->run()
#8 D:\webserver\mikpos-main\system\Commands\Server\rewrite.php(34): require_once('D:\\webserver\\mi...')
#9 {main}
INFO - 2024-11-29 21:23:17 --> Session: Class initialized using 'CodeIgniter\Session\Handlers\FileHandler' driver.
INFO - 2024-11-29 21:23:17 --> Controller "App\Controllers\base\DashboardController" loaded.
INFO - 2024-11-29 21:23:17 --> Session: Class initialized using 'CodeIgniter\Session\Handlers\FileHandler' driver.
INFO - 2024-11-29 21:23:17 --> Controller "App\Controllers\base\DashboardController" loaded.
INFO - 2024-11-29 21:24:42 --> Session: Class initialized using 'CodeIgniter\Session\Handlers\FileHandler' driver.
INFO - 2024-11-29 21:24:42 --> Controller "App\Controllers\base\DashboardController" loaded.
INFO - 2024-11-29 21:24:43 --> Session: Class initialized using 'CodeIgniter\Session\Handlers\FileHandler' driver.
INFO - 2024-11-29 21:24:44 --> Controller "App\Controllers\base\DashboardController" loaded.
INFO - 2024-11-29 21:24:48 --> Session: Class initialized using 'CodeIgniter\Session\Handlers\FileHandler' driver.
INFO - 2024-11-29 21:24:48 --> Controller "App\Controllers\base\DashboardController" loaded.
CRITICAL - 2024-11-29 21:25:16 --> fread() expects parameter 1 to be resource, bool given
#0 [internal function]: CodeIgniter\Debug\Exceptions->errorHandler(2, 'fread() expects...', 'D:\\webserver\\mi...', 288, Array)
#1 D:\webserver\mikpos-main\app\Libraries\RouterosAPI.php(288): fread(false, 1)
#2 D:\webserver\mikpos-main\app\Libraries\RouterosAPI.php(480): App\Libraries\RouterosAPI->read()
#3 D:\webserver\mikpos-main\app\Controllers\base\DashboardController.php(89): App\Libraries\RouterosAPI->comm('/system/clock/p...', Array)
#4 D:\webserver\mikpos-main\system\CodeIgniter.php(910): App\Controllers\base\DashboardController->do_add_router()
#5 D:\webserver\mikpos-main\system\CodeIgniter.php(398): CodeIgniter\CodeIgniter->runController(Object(App\Controllers\base\DashboardController))
#6 D:\webserver\mikpos-main\system\CodeIgniter.php(306): CodeIgniter\CodeIgniter->handleRequest(NULL, Object(Config\Cache), false)
#7 D:\webserver\mikpos-main\public\index.php(45): CodeIgniter\CodeIgniter->run()
#8 D:\webserver\mikpos-main\system\Commands\Server\rewrite.php(34): require_once('D:\\webserver\\mi...')
#9 {main}
INFO - 2024-11-29 21:25:17 --> Session: Class initialized using 'CodeIgniter\Session\Handlers\FileHandler' driver.
INFO - 2024-11-29 21:25:17 --> Controller "App\Controllers\base\DashboardController" loaded.
INFO - 2024-11-29 21:25:17 --> Session: Class initialized using 'CodeIgniter\Session\Handlers\FileHandler' driver.
INFO - 2024-11-29 21:25:17 --> Controller "App\Controllers\base\DashboardController" loaded.
INFO - 2024-11-29 21:28:05 --> Session: Class initialized using 'CodeIgniter\Session\Handlers\FileHandler' driver.
INFO - 2024-11-29 21:28:05 --> Controller "App\Controllers\base\DashboardController" loaded.
INFO - 2024-11-29 21:28:17 --> Session: Class initialized using 'CodeIgniter\Session\Handlers\FileHandler' driver.
INFO - 2024-11-29 21:28:17 --> Session: Class initialized using 'CodeIgniter\Session\Handlers\FileHandler' driver.
INFO - 2024-11-29 21:28:17 --> Controller "App\Controllers\base\DashboardController" loaded.
INFO - 2024-11-29 21:28:17 --> Session: Class initialized using 'CodeIgniter\Session\Handlers\FileHandler' driver.
INFO - 2024-11-29 21:28:17 --> Controller "App\Controllers\base\DashboardController" loaded.
INFO - 2024-11-29 21:28:45 --> Session: Class initialized using 'CodeIgniter\Session\Handlers\FileHandler' driver.
INFO - 2024-11-29 21:28:45 --> Controller "App\Controllers\base\DashboardController" loaded.
INFO - 2024-11-29 21:29:28 --> Session: Class initialized using 'CodeIgniter\Session\Handlers\FileHandler' driver.
INFO - 2024-11-29 21:29:28 --> Controller "App\Controllers\base\DashboardController" loaded.
INFO - 2024-11-29 21:29:32 --> Session: Class initialized using 'CodeIgniter\Session\Handlers\FileHandler' driver.
INFO - 2024-11-29 21:29:32 --> Controller "App\Controllers\base\DashboardController" loaded.
CRITICAL - 2024-11-29 21:30:00 --> fread() expects parameter 1 to be resource, bool given
#0 [internal function]: CodeIgniter\Debug\Exceptions->errorHandler(2, 'fread() expects...', 'D:\\webserver\\mi...', 288, Array)
#1 D:\webserver\mikpos-main\app\Libraries\RouterosAPI.php(288): fread(false, 1)
#2 D:\webserver\mikpos-main\app\Libraries\RouterosAPI.php(480): App\Libraries\RouterosAPI->read()
#3 D:\webserver\mikpos-main\app\Controllers\base\DashboardController.php(89): App\Libraries\RouterosAPI->comm('/system/clock/p...', Array)
#4 D:\webserver\mikpos-main\system\CodeIgniter.php(910): App\Controllers\base\DashboardController->do_add_router()
#5 D:\webserver\mikpos-main\system\CodeIgniter.php(398): CodeIgniter\CodeIgniter->runController(Object(App\Controllers\base\DashboardController))
#6 D:\webserver\mikpos-main\system\CodeIgniter.php(306): CodeIgniter\CodeIgniter->handleRequest(NULL, Object(Config\Cache), false)
#7 D:\webserver\mikpos-main\public\index.php(45): CodeIgniter\CodeIgniter->run()
#8 D:\webserver\mikpos-main\system\Commands\Server\rewrite.php(34): require_once('D:\\webserver\\mi...')
#9 {main}
INFO - 2024-11-29 21:30:03 --> Session: Class initialized using 'CodeIgniter\Session\Handlers\FileHandler' driver.
INFO - 2024-11-29 21:30:03 --> Controller "App\Controllers\base\DashboardController" loaded.
INFO - 2024-11-29 21:30:03 --> Session: Class initialized using 'CodeIgniter\Session\Handlers\FileHandler' driver.
INFO - 2024-11-29 21:30:03 --> Controller "App\Controllers\base\DashboardController" loaded.
INFO - 2024-11-29 21:30:53 --> Session: Class initialized using 'CodeIgniter\Session\Handlers\FileHandler' driver.
INFO - 2024-11-29 21:30:54 --> Controller "App\Controllers\base\DashboardController" loaded.
INFO - 2024-11-29 21:33:07 --> Session: Class initialized using 'CodeIgniter\Session\Handlers\FileHandler' driver.
INFO - 2024-11-29 21:33:08 --> Controller "App\Controllers\base\DashboardController" loaded.
INFO - 2024-11-29 21:33:12 --> Session: Class initialized using 'CodeIgniter\Session\Handlers\FileHandler' driver.
INFO - 2024-11-29 21:33:12 --> Controller "App\Controllers\base\DashboardController" loaded.
CRITICAL - 2024-11-29 21:33:40 --> fread() expects parameter 1 to be resource, bool given
#0 [internal function]: CodeIgniter\Debug\Exceptions->errorHandler(2, 'fread() expects...', 'D:\\webserver\\mi...', 288, Array)
#1 D:\webserver\mikpos-main\app\Libraries\RouterosAPI.php(288): fread(false, 1)
#2 D:\webserver\mikpos-main\app\Libraries\RouterosAPI.php(516): App\Libraries\RouterosAPI->read()
#3 D:\webserver\mikpos-main\app\Controllers\base\DashboardController.php(89): App\Libraries\RouterosAPI->comm('/system/clock/p...', Array)
#4 D:\webserver\mikpos-main\system\CodeIgniter.php(910): App\Controllers\base\DashboardController->do_add_router()
#5 D:\webserver\mikpos-main\system\CodeIgniter.php(398): CodeIgniter\CodeIgniter->runController(Object(App\Controllers\base\DashboardController))
#6 D:\webserver\mikpos-main\system\CodeIgniter.php(306): CodeIgniter\CodeIgniter->handleRequest(NULL, Object(Config\Cache), false)
#7 D:\webserver\mikpos-main\public\index.php(45): CodeIgniter\CodeIgniter->run()
#8 D:\webserver\mikpos-main\system\Commands\Server\rewrite.php(34): require_once('D:\\webserver\\mi...')
#9 {main}
INFO - 2024-11-29 21:33:44 --> Session: Class initialized using 'CodeIgniter\Session\Handlers\FileHandler' driver.
INFO - 2024-11-29 21:33:44 --> Controller "App\Controllers\base\DashboardController" loaded.
INFO - 2024-11-29 21:33:44 --> Session: Class initialized using 'CodeIgniter\Session\Handlers\FileHandler' driver.
INFO - 2024-11-29 21:33:44 --> Controller "App\Controllers\base\DashboardController" loaded.
INFO - 2024-11-29 21:33:53 --> Session: Class initialized using 'CodeIgniter\Session\Handlers\FileHandler' driver.
INFO - 2024-11-29 21:33:53 --> Controller "App\Controllers\base\DashboardController" loaded.
INFO - 2024-11-29 21:33:53 --> Session: Class initialized using 'CodeIgniter\Session\Handlers\FileHandler' driver.
INFO - 2024-11-29 21:33:53 --> Controller "App\Controllers\base\DashboardController" loaded.
INFO - 2024-11-29 21:33:55 --> Session: Class initialized using 'CodeIgniter\Session\Handlers\FileHandler' driver.
INFO - 2024-11-29 21:33:55 --> Controller "App\Controllers\base\DashboardController" loaded.
INFO - 2024-11-29 21:33:55 --> Session: Class initialized using 'CodeIgniter\Session\Handlers\FileHandler' driver.
INFO - 2024-11-29 21:33:55 --> Controller "App\Controllers\base\DashboardController" loaded.
INFO - 2024-11-29 21:33:56 --> Session: Class initialized using 'CodeIgniter\Session\Handlers\FileHandler' driver.
INFO - 2024-11-29 21:33:56 --> Controller "App\Controllers\base\DashboardController" loaded.
INFO - 2024-11-29 21:33:58 --> Session: Class initialized using 'CodeIgniter\Session\Handlers\FileHandler' driver.
INFO - 2024-11-29 21:33:58 --> Controller "App\Controllers\base\DashboardController" loaded.
INFO - 2024-11-29 21:34:03 --> Session: Class initialized using 'CodeIgniter\Session\Handlers\FileHandler' driver.
INFO - 2024-11-29 21:34:03 --> Controller "App\Controllers\base\DashboardController" loaded.
INFO - 2024-11-29 21:34:39 --> Session: Class initialized using 'CodeIgniter\Session\Handlers\FileHandler' driver.
INFO - 2024-11-29 21:34:39 --> Controller "App\Controllers\base\DashboardController" loaded.
INFO - 2024-11-29 21:34:43 --> Session: Class initialized using 'CodeIgniter\Session\Handlers\FileHandler' driver.
INFO - 2024-11-29 21:34:43 --> Controller "App\Controllers\base\DashboardController" loaded.
CRITICAL - 2024-11-29 21:35:11 --> fread() expects parameter 1 to be resource, bool given
#0 [internal function]: CodeIgniter\Debug\Exceptions->errorHandler(2, 'fread() expects...', 'D:\\webserver\\mi...', 288, Array)
#1 D:\webserver\mikpos-main\app\Libraries\RouterosAPI.php(288): fread(false, 1)
#2 D:\webserver\mikpos-main\app\Libraries\RouterosAPI.php(516): App\Libraries\RouterosAPI->read()
#3 D:\webserver\mikpos-main\app\Controllers\base\DashboardController.php(89): App\Libraries\RouterosAPI->comm('/system/clock/p...', Array)
#4 D:\webserver\mikpos-main\system\CodeIgniter.php(910): App\Controllers\base\DashboardController->do_add_router()
#5 D:\webserver\mikpos-main\system\CodeIgniter.php(398): CodeIgniter\CodeIgniter->runController(Object(App\Controllers\base\DashboardController))
#6 D:\webserver\mikpos-main\system\CodeIgniter.php(306): CodeIgniter\CodeIgniter->handleRequest(NULL, Object(Config\Cache), false)
#7 D:\webserver\mikpos-main\public\index.php(45): CodeIgniter\CodeIgniter->run()
#8 D:\webserver\mikpos-main\system\Commands\Server\rewrite.php(34): require_once('D:\\webserver\\mi...')
#9 {main}
INFO - 2024-11-29 21:35:19 --> Session: Class initialized using 'CodeIgniter\Session\Handlers\FileHandler' driver.
INFO - 2024-11-29 21:35:19 --> Controller "App\Controllers\base\DashboardController" loaded.
INFO - 2024-11-29 21:35:35 --> Session: Class initialized using 'CodeIgniter\Session\Handlers\FileHandler' driver.
INFO - 2024-11-29 21:35:35 --> Controller "App\Controllers\base\DashboardController" loaded.
INFO - 2024-11-29 21:35:36 --> Session: Class initialized using 'CodeIgniter\Session\Handlers\FileHandler' driver.
INFO - 2024-11-29 21:35:36 --> Controller "App\Controllers\base\DashboardController" loaded.
INFO - 2024-11-29 21:35:38 --> Session: Class initialized using 'CodeIgniter\Session\Handlers\FileHandler' driver.
INFO - 2024-11-29 21:35:38 --> Controller "App\Controllers\base\DashboardController" loaded.
INFO - 2024-11-29 21:35:38 --> Session: Class initialized using 'CodeIgniter\Session\Handlers\FileHandler' driver.
INFO - 2024-11-29 21:35:39 --> Controller "App\Controllers\base\DashboardController" loaded.
INFO - 2024-11-29 21:35:41 --> Session: Class initialized using 'CodeIgniter\Session\Handlers\FileHandler' driver.
INFO - 2024-11-29 21:35:42 --> Controller "App\Controllers\base\DashboardController" loaded.
INFO - 2024-11-29 21:35:42 --> Session: Class initialized using 'CodeIgniter\Session\Handlers\FileHandler' driver.
INFO - 2024-11-29 21:35:42 --> Controller "App\Controllers\base\DashboardController" loaded.
INFO - 2024-11-29 21:35:49 --> Session: Class initialized using 'CodeIgniter\Session\Handlers\FileHandler' driver.
INFO - 2024-11-29 21:35:49 --> Controller "App\Controllers\base\DashboardController" loaded.
INFO - 2024-11-29 21:35:56 --> Session: Class initialized using 'CodeIgniter\Session\Handlers\FileHandler' driver.
INFO - 2024-11-29 21:35:57 --> Controller "App\Controllers\base\PaymentController" loaded.
INFO - 2024-11-29 21:35:57 --> Session: Class initialized using 'CodeIgniter\Session\Handlers\FileHandler' driver.
INFO - 2024-11-29 21:35:57 --> Controller "App\Controllers\base\DashboardController" loaded.
INFO - 2024-11-29 21:35:57 --> Session: Class initialized using 'CodeIgniter\Session\Handlers\FileHandler' driver.
INFO - 2024-11-29 21:35:57 --> Controller "App\Controllers\base\DashboardController" loaded.
INFO - 2024-11-29 21:35:57 --> Session: Class initialized using 'CodeIgniter\Session\Handlers\FileHandler' driver.
INFO - 2024-11-29 21:35:57 --> Controller "App\Controllers\base\DashboardController" loaded.
INFO - 2024-11-29 21:35:58 --> Session: Class initialized using 'CodeIgniter\Session\Handlers\FileHandler' driver.
INFO - 2024-11-29 21:35:58 --> Controller "App\Controllers\base\PaymentController" loaded.
INFO - 2024-11-29 21:35:59 --> Session: Class initialized using 'CodeIgniter\Session\Handlers\FileHandler' driver.
INFO - 2024-11-29 21:35:59 --> Controller "App\Controllers\base\DashboardController" loaded.
INFO - 2024-11-29 21:35:59 --> Session: Class initialized using 'CodeIgniter\Session\Handlers\FileHandler' driver.
INFO - 2024-11-29 21:35:59 --> Controller "App\Controllers\base\DashboardController" loaded.
INFO - 2024-11-29 21:35:59 --> Session: Class initialized using 'CodeIgniter\Session\Handlers\FileHandler' driver.
INFO - 2024-11-29 21:35:59 --> Controller "App\Controllers\base\DashboardController" loaded.
INFO - 2024-11-29 21:36:01 --> Session: Class initialized using 'CodeIgniter\Session\Handlers\FileHandler' driver.
INFO - 2024-11-29 21:36:01 --> Controller "App\Controllers\base\PaymentController" loaded.
INFO - 2024-11-29 21:36:01 --> Session: Class initialized using 'CodeIgniter\Session\Handlers\FileHandler' driver.
INFO - 2024-11-29 21:36:01 --> Controller "App\Controllers\base\PaymentController" loaded.
INFO - 2024-11-29 21:36:02 --> Session: Class initialized using 'CodeIgniter\Session\Handlers\FileHandler' driver.
INFO - 2024-11-29 21:36:02 --> Controller "App\Controllers\base\DashboardController" loaded.
INFO - 2024-11-29 21:36:03 --> Session: Class initialized using 'CodeIgniter\Session\Handlers\FileHandler' driver.
INFO - 2024-11-29 21:36:03 --> Controller "App\Controllers\base\DashboardController" loaded.
INFO - 2024-11-29 21:36:03 --> Session: Class initialized using 'CodeIgniter\Session\Handlers\FileHandler' driver.
INFO - 2024-11-29 21:36:03 --> Controller "App\Controllers\base\DashboardController" loaded.
INFO - 2024-11-29 21:36:09 --> Session: Class initialized using 'CodeIgniter\Session\Handlers\FileHandler' driver.
INFO - 2024-11-29 21:36:09 --> Controller "App\Controllers\base\PaymentController" loaded.
INFO - 2024-11-29 21:36:09 --> Session: Class initialized using 'CodeIgniter\Session\Handlers\FileHandler' driver.
INFO - 2024-11-29 21:36:09 --> Controller "App\Controllers\base\DashboardController" loaded.
INFO - 2024-11-29 21:36:10 --> Session: Class initialized using 'CodeIgniter\Session\Handlers\FileHandler' driver.
INFO - 2024-11-29 21:36:10 --> Controller "App\Controllers\base\DashboardController" loaded.
INFO - 2024-11-29 21:36:10 --> Session: Class initialized using 'CodeIgniter\Session\Handlers\FileHandler' driver.
INFO - 2024-11-29 21:36:10 --> Controller "App\Controllers\base\DashboardController" loaded.
INFO - 2024-11-29 21:36:14 --> Session: Class initialized using 'CodeIgniter\Session\Handlers\FileHandler' driver.
INFO - 2024-11-29 21:36:14 --> Controller "App\Controllers\base\PaymentController" loaded.
INFO - 2024-11-29 21:36:15 --> Session: Class initialized using 'CodeIgniter\Session\Handlers\FileHandler' driver.
INFO - 2024-11-29 21:36:15 --> Controller "App\Controllers\base\PaymentController" loaded.
INFO - 2024-11-29 21:36:15 --> Session: Class initialized using 'CodeIgniter\Session\Handlers\FileHandler' driver.
INFO - 2024-11-29 21:36:15 --> Controller "App\Controllers\base\DashboardController" loaded.
INFO - 2024-11-29 21:36:15 --> Session: Class initialized using 'CodeIgniter\Session\Handlers\FileHandler' driver.
INFO - 2024-11-29 21:36:15 --> Controller "App\Controllers\base\DashboardController" loaded.
INFO - 2024-11-29 21:36:15 --> Session: Class initialized using 'CodeIgniter\Session\Handlers\FileHandler' driver.
INFO - 2024-11-29 21:36:16 --> Controller "App\Controllers\base\DashboardController" loaded.
INFO - 2024-11-29 21:36:45 --> Session: Class initialized using 'CodeIgniter\Session\Handlers\FileHandler' driver.
INFO - 2024-11-29 21:36:45 --> Controller "App\Controllers\base\PPPController" loaded.
INFO - 2024-11-29 21:36:48 --> Session: Class initialized using 'CodeIgniter\Session\Handlers\FileHandler' driver.
INFO - 2024-11-29 21:36:48 --> Controller "App\Controllers\base\PPPController" loaded.
INFO - 2024-11-29 21:36:52 --> Session: Class initialized using 'CodeIgniter\Session\Handlers\FileHandler' driver.
INFO - 2024-11-29 21:36:52 --> Controller "App\Controllers\base\PPPController" loaded.
INFO - 2024-11-29 21:37:02 --> Session: Class initialized using 'CodeIgniter\Session\Handlers\FileHandler' driver.
INFO - 2024-11-29 21:37:02 --> Controller "App\Controllers\base\DataController" loaded.
INFO - 2024-11-29 21:37:03 --> Session: Class initialized using 'CodeIgniter\Session\Handlers\FileHandler' driver.
INFO - 2024-11-29 21:37:03 --> Controller "App\Controllers\base\DataController" loaded.
INFO - 2024-11-29 21:37:25 --> Session: Class initialized using 'CodeIgniter\Session\Handlers\FileHandler' driver.
INFO - 2024-11-29 21:37:25 --> Controller "App\Controllers\base\DataController" loaded.
INFO - 2024-11-29 21:37:26 --> Session: Class initialized using 'CodeIgniter\Session\Handlers\FileHandler' driver.
INFO - 2024-11-29 21:37:26 --> Controller "App\Controllers\base\DataController" loaded.
INFO - 2024-11-29 21:37:35 --> Session: Class initialized using 'CodeIgniter\Session\Handlers\FileHandler' driver.
INFO - 2024-11-29 21:37:35 --> Controller "App\Controllers\base\DataController" loaded.
INFO - 2024-11-29 21:37:36 --> Session: Class initialized using 'CodeIgniter\Session\Handlers\FileHandler' driver.
INFO - 2024-11-29 21:37:36 --> Controller "App\Controllers\base\DataController" loaded.
INFO - 2024-11-29 21:38:13 --> Session: Class initialized using 'CodeIgniter\Session\Handlers\FileHandler' driver.
INFO - 2024-11-29 21:38:13 --> Controller "App\Controllers\base\PaymentController" loaded.
INFO - 2024-11-29 21:38:14 --> Session: Class initialized using 'CodeIgniter\Session\Handlers\FileHandler' driver.
INFO - 2024-11-29 21:38:14 --> Controller "App\Controllers\base\DashboardController" loaded.
INFO - 2024-11-29 21:38:14 --> Session: Class initialized using 'CodeIgniter\Session\Handlers\FileHandler' driver.
INFO - 2024-11-29 21:38:14 --> Controller "App\Controllers\base\DashboardController" loaded.
INFO - 2024-11-29 21:38:14 --> Session: Class initialized using 'CodeIgniter\Session\Handlers\FileHandler' driver.
INFO - 2024-11-29 21:38:14 --> Controller "App\Controllers\base\DashboardController" loaded.
INFO - 2024-11-29 21:38:16 --> Session: Class initialized using 'CodeIgniter\Session\Handlers\FileHandler' driver.
INFO - 2024-11-29 21:38:16 --> Controller "App\Controllers\base\PaymentController" loaded.
INFO - 2024-11-29 21:38:16 --> Session: Class initialized using 'CodeIgniter\Session\Handlers\FileHandler' driver.
INFO - 2024-11-29 21:38:16 --> Controller "App\Controllers\base\PaymentController" loaded.
INFO - 2024-11-29 21:38:17 --> Session: Class initialized using 'CodeIgniter\Session\Handlers\FileHandler' driver.
INFO - 2024-11-29 21:38:17 --> Controller "App\Controllers\base\DashboardController" loaded.
INFO - 2024-11-29 21:38:17 --> Session: Class initialized using 'CodeIgniter\Session\Handlers\FileHandler' driver.
INFO - 2024-11-29 21:38:17 --> Controller "App\Controllers\base\DashboardController" loaded.
INFO - 2024-11-29 21:38:18 --> Session: Class initialized using 'CodeIgniter\Session\Handlers\FileHandler' driver.
INFO - 2024-11-29 21:38:18 --> Controller "App\Controllers\base\DashboardController" loaded.
INFO - 2024-11-29 21:38:54 --> Session: Class initialized using 'CodeIgniter\Session\Handlers\FileHandler' driver.
INFO - 2024-11-29 21:38:54 --> Controller "App\Controllers\base\DashboardController" loaded.
INFO - 2024-11-29 21:39:04 --> Session: Class initialized using 'CodeIgniter\Session\Handlers\FileHandler' driver.
INFO - 2024-11-29 21:39:04 --> Controller "App\Controllers\base\DashboardController" loaded.
INFO - 2024-11-29 21:39:04 --> Session: Class initialized using 'CodeIgniter\Session\Handlers\FileHandler' driver.
INFO - 2024-11-29 21:39:04 --> Controller "App\Controllers\base\DashboardController" loaded.
INFO - 2024-11-29 21:39:13 --> Session: Class initialized using 'CodeIgniter\Session\Handlers\FileHandler' driver.
INFO - 2024-11-29 21:39:13 --> Controller "App\Controllers\base\PaymentController" loaded.
INFO - 2024-11-29 21:39:14 --> Session: Class initialized using 'CodeIgniter\Session\Handlers\FileHandler' driver.
INFO - 2024-11-29 21:39:14 --> Controller "App\Controllers\base\DashboardController" loaded.
INFO - 2024-11-29 21:39:14 --> Session: Class initialized using 'CodeIgniter\Session\Handlers\FileHandler' driver.
INFO - 2024-11-29 21:39:14 --> Controller "App\Controllers\base\DashboardController" loaded.
INFO - 2024-11-29 21:39:14 --> Session: Class initialized using 'CodeIgniter\Session\Handlers\FileHandler' driver.
INFO - 2024-11-29 21:39:14 --> Controller "App\Controllers\base\DashboardController" loaded.
INFO - 2024-11-29 21:39:21 --> Session: Class initialized using 'CodeIgniter\Session\Handlers\FileHandler' driver.
INFO - 2024-11-29 21:39:21 --> Controller "App\Controllers\base\PaymentController" loaded.
INFO - 2024-11-29 21:39:22 --> Session: Class initialized using 'CodeIgniter\Session\Handlers\FileHandler' driver.
INFO - 2024-11-29 21:39:22 --> Controller "App\Controllers\base\PaymentController" loaded.
INFO - 2024-11-29 21:39:23 --> Session: Class initialized using 'CodeIgniter\Session\Handlers\FileHandler' driver.
INFO - 2024-11-29 21:39:23 --> Controller "App\Controllers\base\DashboardController" loaded.
INFO - 2024-11-29 21:39:23 --> Session: Class initialized using 'CodeIgniter\Session\Handlers\FileHandler' driver.
INFO - 2024-11-29 21:39:23 --> Controller "App\Controllers\base\DashboardController" loaded.
INFO - 2024-11-29 21:39:23 --> Session: Class initialized using 'CodeIgniter\Session\Handlers\FileHandler' driver.
INFO - 2024-11-29 21:39:23 --> Controller "App\Controllers\base\DashboardController" loaded.
INFO - 2024-11-29 21:39:57 --> Session: Class initialized using 'CodeIgniter\Session\Handlers\FileHandler' driver.
INFO - 2024-11-29 21:39:57 --> Controller "App\Controllers\base\PaymentController" loaded.
INFO - 2024-11-29 21:39:58 --> Session: Class initialized using 'CodeIgniter\Session\Handlers\FileHandler' driver.
INFO - 2024-11-29 21:39:58 --> Controller "App\Controllers\base\PaymentController" loaded.
INFO - 2024-11-29 21:39:58 --> Session: Class initialized using 'CodeIgniter\Session\Handlers\FileHandler' driver.
INFO - 2024-11-29 21:39:58 --> Controller "App\Controllers\base\DashboardController" loaded.
INFO - 2024-11-29 21:39:58 --> Session: Class initialized using 'CodeIgniter\Session\Handlers\FileHandler' driver.
INFO - 2024-11-29 21:39:58 --> Controller "App\Controllers\base\DashboardController" loaded.
INFO - 2024-11-29 21:39:58 --> Session: Class initialized using 'CodeIgniter\Session\Handlers\FileHandler' driver.
INFO - 2024-11-29 21:39:58 --> Controller "App\Controllers\base\DashboardController" loaded.
INFO - 2024-11-29 21:40:11 --> Session: Class initialized using 'CodeIgniter\Session\Handlers\FileHandler' driver.
INFO - 2024-11-29 21:40:11 --> Controller "App\Controllers\base\PaymentController" loaded.
INFO - 2024-11-29 21:40:12 --> Session: Class initialized using 'CodeIgniter\Session\Handlers\FileHandler' driver.
INFO - 2024-11-29 21:40:12 --> Controller "App\Controllers\base\PaymentController" loaded.
INFO - 2024-11-29 21:40:12 --> Session: Class initialized using 'CodeIgniter\Session\Handlers\FileHandler' driver.
INFO - 2024-11-29 21:40:12 --> Controller "App\Controllers\base\DashboardController" loaded.
INFO - 2024-11-29 21:40:12 --> Session: Class initialized using 'CodeIgniter\Session\Handlers\FileHandler' driver.
INFO - 2024-11-29 21:40:12 --> Controller "App\Controllers\base\DashboardController" loaded.
INFO - 2024-11-29 21:40:12 --> Session: Class initialized using 'CodeIgniter\Session\Handlers\FileHandler' driver.
INFO - 2024-11-29 21:40:13 --> Controller "App\Controllers\base\DashboardController" loaded.
INFO - 2024-11-29 21:40:17 --> Session: Class initialized using 'CodeIgniter\Session\Handlers\FileHandler' driver.
INFO - 2024-11-29 21:40:17 --> Controller "App\Controllers\base\PaymentController" loaded.
INFO - 2024-11-29 21:40:18 --> Session: Class initialized using 'CodeIgniter\Session\Handlers\FileHandler' driver.
INFO - 2024-11-29 21:40:18 --> Controller "App\Controllers\base\PaymentController" loaded.
INFO - 2024-11-29 21:40:18 --> Session: Class initialized using 'CodeIgniter\Session\Handlers\FileHandler' driver.
INFO - 2024-11-29 21:40:19 --> Controller "App\Controllers\base\DashboardController" loaded.
INFO - 2024-11-29 21:40:19 --> Session: Class initialized using 'CodeIgniter\Session\Handlers\FileHandler' driver.
INFO - 2024-11-29 21:40:19 --> Controller "App\Controllers\base\DashboardController" loaded.
INFO - 2024-11-29 21:40:19 --> Session: Class initialized using 'CodeIgniter\Session\Handlers\FileHandler' driver.
INFO - 2024-11-29 21:40:19 --> Controller "App\Controllers\base\DashboardController" loaded.
INFO - 2024-11-29 21:40:37 --> Session: Class initialized using 'CodeIgniter\Session\Handlers\FileHandler' driver.
INFO - 2024-11-29 21:40:37 --> Controller "App\Controllers\base\DashboardController" loaded.
INFO - 2024-11-29 22:02:18 --> Session: Class initialized using 'CodeIgniter\Session\Handlers\FileHandler' driver.
INFO - 2024-11-29 22:02:18 --> Controller "App\Controllers\base\PaymentController" loaded.
INFO - 2024-11-29 22:02:19 --> Session: Class initialized using 'CodeIgniter\Session\Handlers\FileHandler' driver.
INFO - 2024-11-29 22:02:19 --> Controller "App\Controllers\base\DashboardController" loaded.
INFO - 2024-11-29 22:02:19 --> Session: Class initialized using 'CodeIgniter\Session\Handlers\FileHandler' driver.
INFO - 2024-11-29 22:02:19 --> Controller "App\Controllers\base\DashboardController" loaded.
INFO - 2024-11-29 22:02:20 --> Session: Class initialized using 'CodeIgniter\Session\Handlers\FileHandler' driver.
INFO - 2024-11-29 22:02:20 --> Controller "App\Controllers\base\DashboardController" loaded.
INFO - 2024-11-29 22:04:07 --> Session: Class initialized using 'CodeIgniter\Session\Handlers\FileHandler' driver.
INFO - 2024-11-29 22:04:07 --> Controller "App\Controllers\base\DashboardController" loaded.
INFO - 2024-11-29 22:04:07 --> Session: Class initialized using 'CodeIgniter\Session\Handlers\FileHandler' driver.
INFO - 2024-11-29 22:04:07 --> Controller "App\Controllers\base\DashboardController" loaded.
INFO - 2024-11-29 22:04:07 --> Session: Class initialized using 'CodeIgniter\Session\Handlers\FileHandler' driver.
INFO - 2024-11-29 22:04:07 --> Controller "App\Controllers\base\DashboardController" loaded.
INFO - 2024-11-29 22:04:18 --> Session: Class initialized using 'CodeIgniter\Session\Handlers\FileHandler' driver.
INFO - 2024-11-29 22:04:18 --> Controller "App\Controllers\base\DashboardController" loaded.
INFO - 2024-11-29 22:04:42 --> Session: Class initialized using 'CodeIgniter\Session\Handlers\FileHandler' driver.
INFO - 2024-11-29 22:04:42 --> Controller "App\Controllers\base\DashboardController" loaded.
INFO - 2024-11-29 22:04:51 --> Session: Class initialized using 'CodeIgniter\Session\Handlers\FileHandler' driver.
INFO - 2024-11-29 22:04:51 --> Controller "App\Controllers\base\PPPController" loaded.
INFO - 2024-11-29 22:27:24 --> Session: Class initialized using 'CodeIgniter\Session\Handlers\FileHandler' driver.
INFO - 2024-11-29 22:27:24 --> Controller "App\Controllers\base\DashboardController" loaded.
INFO - 2024-11-29 22:27:25 --> Session: Class initialized using 'CodeIgniter\Session\Handlers\FileHandler' driver.
INFO - 2024-11-29 22:27:25 --> Controller "App\Controllers\base\DashboardController" loaded.
INFO - 2024-11-29 22:27:25 --> Session: Class initialized using 'CodeIgniter\Session\Handlers\FileHandler' driver.
INFO - 2024-11-29 22:27:25 --> Controller "App\Controllers\base\DashboardController" loaded.
INFO - 2024-11-29 22:27:30 --> Session: Class initialized using 'CodeIgniter\Session\Handlers\FileHandler' driver.
INFO - 2024-11-29 22:27:30 --> Controller "App\Controllers\base\DashboardController" loaded.
INFO - 2024-11-29 22:27:34 --> Session: Class initialized using 'CodeIgniter\Session\Handlers\FileHandler' driver.
INFO - 2024-11-29 22:27:34 --> Controller "App\Controllers\base\PPPController" loaded.
INFO - 2024-11-29 22:27:38 --> Session: Class initialized using 'CodeIgniter\Session\Handlers\FileHandler' driver.
INFO - 2024-11-29 22:27:38 --> Controller "App\Controllers\base\PPPController" loaded.
INFO - 2024-11-29 22:28:48 --> Session: Class initialized using 'CodeIgniter\Session\Handlers\FileHandler' driver.
INFO - 2024-11-29 22:28:48 --> Controller "App\Controllers\base\DataController" loaded.
INFO - 2024-11-29 22:28:51 --> Session: Class initialized using 'CodeIgniter\Session\Handlers\FileHandler' driver.
INFO - 2024-11-29 22:28:51 --> Controller "App\Controllers\base\DataController" loaded.
INFO - 2024-11-29 22:28:57 --> Session: Class initialized using 'CodeIgniter\Session\Handlers\FileHandler' driver.
INFO - 2024-11-29 22:28:57 --> Controller "App\Controllers\base\DataController" loaded.
INFO - 2024-11-29 22:28:58 --> Session: Class initialized using 'CodeIgniter\Session\Handlers\FileHandler' driver.
INFO - 2024-11-29 22:28:58 --> Controller "App\Controllers\base\DataController" loaded.
